[debug] [2023-01-28T15:19:43.300Z] ----------------------------------------------------------------------
[debug] [2023-01-28T15:19:43.301Z] Command:       C:\Program Files\nodejs\node.exe C:\Users\ANAND PANDEY\AppData\Roaming\npm\node_modules\firebase-tools\lib\bin\firebase.js init
[debug] [2023-01-28T15:19:43.302Z] CLI Version:   11.20.0
[debug] [2023-01-28T15:19:43.302Z] Platform:      win32
[debug] [2023-01-28T15:19:43.302Z] Node Version:  v18.12.1
[debug] [2023-01-28T15:19:43.303Z] Time:          Sat Jan 28 2023 20:49:43 GMT+0530 (India Standard Time)
[debug] [2023-01-28T15:19:43.304Z] ----------------------------------------------------------------------
[debug] 
[debug] [2023-01-28T15:19:43.311Z] > command requires scopes: ["email","openid","https://www.googleapis.com/auth/cloudplatformprojects.readonly","https://www.googleapis.com/auth/firebase","https://www.googleapis.com/auth/cloud-platform"]
[debug] [2023-01-28T15:19:43.312Z] > authorizing via signed-in user (anand.pandey1052@gmail.com)
[info] 
     ######## #### ########  ######## ########     ###     ######  ########
     ##        ##  ##     ## ##       ##     ##  ##   ##  ##       ##
     ######    ##  ########  ######   ########  #########  ######  ######
     ##        ##  ##    ##  ##       ##     ## ##     ##       ## ##
     ##       #### ##     ## ######## ########  ##     ##  ######  ########

You're about to initialize a Firebase project in this directory:

  G:\Mern Projects\linkedin-clone

[info] 
=== Project Setup
[info] 
[info] First, let's associate this project directory with a Firebase project.
[info] You can create multiple project aliases by running firebase use --add, 
[info] but for now we'll just set up a default project.
[info] 
[debug] [2023-01-28T15:20:19.972Z] >>> [apiv2][query] GET https://firebase.googleapis.com/v1beta1/projects pageSize=100
[debug] [2023-01-28T15:20:20.790Z] <<< [apiv2][status] GET https://firebase.googleapis.com/v1beta1/projects 200
[debug] [2023-01-28T15:20:20.791Z] <<< [apiv2][body] GET https://firebase.googleapis.com/v1beta1/projects [omitted]
[info] i  Using project linkedin-clone-20b0d (linkedin-clone) 
[info] 
=== Hosting Setup
[info] 
[info] Your public directory is the folder (relative to your project directory) that
[info] will contain Hosting assets to be uploaded with firebase deploy. If you
[info] have a build process for your assets, use your build's output directory.
[info] 
[debug] [2023-01-28T15:21:05.326Z] >>> [apiv2][query] GET https://www.gstatic.com/firebasejs/releases.json [none]
[debug] [2023-01-28T15:21:05.441Z] <<< [apiv2][status] GET https://www.gstatic.com/firebasejs/releases.json 200
[debug] [2023-01-28T15:21:05.441Z] <<< [apiv2][body] GET https://www.gstatic.com/firebasejs/releases.json {"current":{"version":"9.16.0","browserURL":"https://www.gstatic.com/firebasejs/9.16.0/firebase.js","packageURL":"https://www.gstatic.com/firebasejs/9.16.0/firebase.tgz"},"live":{"version":"9.16","browserURL":"https://www.gstatic.com/firebasejs/live/9.16/firebase.js","packageURL":"https://www.gstatic.com/firebasejs/live/9.16/firebase.tgz"},"components":{"analytics":"https://www.gstatic.com/firebasejs/9.16.0/firebase-analytics.js","app":"https://www.gstatic.com/firebasejs/9.16.0/firebase-app.js","app-check":"https://www.gstatic.com/firebasejs/9.16.0/firebase-app-check.js","auth":"https://www.gstatic.com/firebasejs/9.16.0/firebase-auth.js","auth/cordova":"https://www.gstatic.com/firebasejs/9.16.0/firebase-auth/cordova.js","auth/react-native":"https://www.gstatic.com/firebasejs/9.16.0/firebase-auth/react-native.js","functions":"https://www.gstatic.com/firebasejs/9.16.0/firebase-functions.js","firestore":"https://www.gstatic.com/firebasejs/9.16.0/firebase-firestore.js","firestore/lite":"https://www.gstatic.com/firebasejs/9.16.0/firebase-firestore/lite.js","installations":"https://www.gstatic.com/firebasejs/9.16.0/firebase-installations.js","storage":"https://www.gstatic.com/firebasejs/9.16.0/firebase-storage.js","performance":"https://www.gstatic.com/firebasejs/9.16.0/firebase-performance.js","remote-config":"https://www.gstatic.com/firebasejs/9.16.0/firebase-remote-config.js","messaging":"https://www.gstatic.com/firebasejs/9.16.0/firebase-messaging.js","messaging/sw":"https://www.gstatic.com/firebasejs/9.16.0/firebase-messaging/sw.js","database":"https://www.gstatic.com/firebasejs/9.16.0/firebase-database.js","firestore.memory":"https://www.gstatic.com/firebasejs/9.16.0/firebase-firestore.memory.js"}}
[info] +  Wrote public/index.html 
[info] 
[info] i  Detected a .git folder at G:\Mern Projects\linkedin-clone 
[info] i  Authorizing with GitHub to upload your service account to a GitHub repository's secrets store. 
[info] 
[info] Visit this URL on this device to log in:
[info] https://github.com/login/oauth/authorize?client_id=89cf50f02ac6aaed3484&state=1057345656&redirect_uri=http%3A%2F%2Flocalhost%3A9005&scope=read%3Auser%20repo%20public_repo
[info] 
[info] Waiting for authentication...
[debug] [2023-01-28T15:21:41.185Z] >>> [apiv2][query] POST https://github.com/login/oauth/access_token [none]
[debug] [2023-01-28T15:21:41.186Z] >>> [apiv2][body] POST https://github.com/login/oauth/access_token [stream]
[debug] [2023-01-28T15:21:41.584Z] <<< [apiv2][status] POST https://github.com/login/oauth/access_token 200
[debug] [2023-01-28T15:21:41.585Z] <<< [apiv2][body] POST https://github.com/login/oauth/access_token {"access_token":"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","token_type":"bearer","scope":"read:user,repo"}
[debug] [2023-01-28T15:21:41.593Z] >>> [apiv2][query] GET https://api.github.com/user [none]
[debug] [2023-01-28T15:21:42.076Z] <<< [apiv2][status] GET https://api.github.com/user 200
[debug] [2023-01-28T15:21:42.076Z] <<< [apiv2][body] GET https://api.github.com/user {"login":"Anandpandey0","id":75582022,"node_id":"MDQ6VXNlcjc1NTgyMDIy","avatar_url":"https://avatars.githubusercontent.com/u/75582022?v=4","gravatar_id":"","url":"https://api.github.com/users/Anandpandey0","html_url":"https://github.com/Anandpandey0","followers_url":"https://api.github.com/users/Anandpandey0/followers","following_url":"https://api.github.com/users/Anandpandey0/following{/other_user}","gists_url":"https://api.github.com/users/Anandpandey0/gists{/gist_id}","starred_url":"https://api.github.com/users/Anandpandey0/starred{/owner}{/repo}","subscriptions_url":"https://api.github.com/users/Anandpandey0/subscriptions","organizations_url":"https://api.github.com/users/Anandpandey0/orgs","repos_url":"https://api.github.com/users/Anandpandey0/repos","events_url":"https://api.github.com/users/Anandpandey0/events{/privacy}","received_events_url":"https://api.github.com/users/Anandpandey0/received_events","type":"User","site_admin":false,"name":null,"company":null,"blog":"","location":null,"email":null,"hireable":null,"bio":null,"twitter_username":null,"public_repos":47,"public_gists":0,"followers":1,"following":1,"created_at":"2020-12-06T18:07:08Z","updated_at":"2023-01-13T18:29:58Z","private_gists":0,"total_private_repos":8,"owned_private_repos":8,"disk_usage":25134,"collaborators":0,"two_factor_authentication":false,"plan":{"name":"free","space":976562499,"collaborators":0,"private_repos":10000}}
[info] 
[info] +  Success! Logged into GitHub as Anandpandey0 
[info] 
[debug] [2023-01-28T15:21:57.414Z] >>> [apiv2][query] GET https://api.github.com/repos//actions/secrets/public-key type=owner
[debug] [2023-01-28T15:21:57.768Z] <<< [apiv2][status] GET https://api.github.com/repos//actions/secrets/public-key 404
[debug] [2023-01-28T15:21:57.769Z] <<< [apiv2][body] GET https://api.github.com/repos//actions/secrets/public-key {"message":"Not Found","documentation_url":"https://docs.github.com/rest"}
[debug] [2023-01-28T15:21:59.017Z] >>> [apiv2][query] GET https://api.github.com/repos//actions/secrets/public-key type=owner
[debug] [2023-01-28T15:21:59.814Z] <<< [apiv2][status] GET https://api.github.com/repos//actions/secrets/public-key 404
[debug] [2023-01-28T15:21:59.814Z] <<< [apiv2][body] GET https://api.github.com/repos//actions/secrets/public-key {"message":"Not Found","documentation_url":"https://docs.github.com/rest"}
[debug] [2023-01-28T15:22:08.986Z] >>> [apiv2][query] GET https://api.github.com/repos/linkedin-clone/actions/secrets/public-key type=owner
[debug] [2023-01-28T15:22:09.402Z] <<< [apiv2][status] GET https://api.github.com/repos/linkedin-clone/actions/secrets/public-key 404
[debug] [2023-01-28T15:22:09.402Z] <<< [apiv2][body] GET https://api.github.com/repos/linkedin-clone/actions/secrets/public-key {"message":"Not Found","documentation_url":"https://docs.github.com/rest"}
[debug] [2023-01-28T15:22:11.011Z] >>> [apiv2][query] GET https://api.github.com/repos/linkedin-clone/actions/secrets/public-key type=owner
[debug] [2023-01-28T15:22:11.236Z] >>> [apiv2][query] GET https://api.github.com/repos//actions/secrets/public-key type=owner
[debug] [2023-01-28T15:22:11.380Z] <<< [apiv2][status] GET https://api.github.com/repos/linkedin-clone/actions/secrets/public-key 404
[debug] [2023-01-28T15:22:11.380Z] <<< [apiv2][body] GET https://api.github.com/repos/linkedin-clone/actions/secrets/public-key {"message":"Not Found","documentation_url":"https://docs.github.com/rest"}
[debug] [2023-01-28T15:22:11.633Z] <<< [apiv2][status] GET https://api.github.com/repos//actions/secrets/public-key 404
[debug] [2023-01-28T15:22:11.634Z] <<< [apiv2][body] GET https://api.github.com/repos//actions/secrets/public-key {"message":"Not Found","documentation_url":"https://docs.github.com/rest"}
[debug] [2023-01-28T15:22:14.621Z] >>> [apiv2][query] GET https://api.github.com/repos//actions/secrets/public-key type=owner
[debug] [2023-01-28T15:22:14.817Z] >>> [apiv2][query] GET https://api.github.com/repos//actions/secrets/public-key type=owner
[debug] [2023-01-28T15:22:14.988Z] <<< [apiv2][status] GET https://api.github.com/repos//actions/secrets/public-key 404
[debug] [2023-01-28T15:22:14.988Z] <<< [apiv2][body] GET https://api.github.com/repos//actions/secrets/public-key {"message":"Not Found","documentation_url":"https://docs.github.com/rest"}
[debug] [2023-01-28T15:22:14.998Z] >>> [apiv2][query] GET https://api.github.com/repos//actions/secrets/public-key type=owner
[debug] [2023-01-28T15:22:15.177Z] >>> [apiv2][query] GET https://api.github.com/repos//actions/secrets/public-key type=owner
[debug] [2023-01-28T15:22:15.214Z] <<< [apiv2][status] GET https://api.github.com/repos//actions/secrets/public-key 404
[debug] [2023-01-28T15:22:15.214Z] <<< [apiv2][body] GET https://api.github.com/repos//actions/secrets/public-key {"message":"Not Found","documentation_url":"https://docs.github.com/rest"}
[debug] [2023-01-28T15:22:15.390Z] <<< [apiv2][status] GET https://api.github.com/repos//actions/secrets/public-key 404
[debug] [2023-01-28T15:22:15.390Z] <<< [apiv2][body] GET https://api.github.com/repos//actions/secrets/public-key {"message":"Not Found","documentation_url":"https://docs.github.com/rest"}
[debug] [2023-01-28T15:22:15.403Z] >>> [apiv2][query] GET https://api.github.com/repos//actions/secrets/public-key type=owner
[debug] [2023-01-28T15:22:15.616Z] <<< [apiv2][status] GET https://api.github.com/repos//actions/secrets/public-key 404
[debug] [2023-01-28T15:22:15.616Z] <<< [apiv2][body] GET https://api.github.com/repos//actions/secrets/public-key {"message":"Not Found","documentation_url":"https://docs.github.com/rest"}
[debug] [2023-01-28T15:22:15.761Z] <<< [apiv2][status] GET https://api.github.com/repos//actions/secrets/public-key 404
[debug] [2023-01-28T15:22:15.761Z] <<< [apiv2][body] GET https://api.github.com/repos//actions/secrets/public-key {"message":"Not Found","documentation_url":"https://docs.github.com/rest"}
[debug] [2023-01-28T15:22:20.471Z] >>> [apiv2][query] GET https://api.github.com/repos/linkedin-clone/actions/secrets/public-key type=owner
[debug] [2023-01-28T15:22:20.832Z] <<< [apiv2][status] GET https://api.github.com/repos/linkedin-clone/actions/secrets/public-key 404
[debug] [2023-01-28T15:22:20.832Z] <<< [apiv2][body] GET https://api.github.com/repos/linkedin-clone/actions/secrets/public-key {"message":"Not Found","documentation_url":"https://docs.github.com/rest"}
[debug] [2023-01-28T15:22:20.998Z] >>> [apiv2][query] GET https://api.github.com/repos/linkedin-clone/actions/secrets/public-key type=owner
[debug] [2023-01-28T15:22:21.404Z] <<< [apiv2][status] GET https://api.github.com/repos/linkedin-clone/actions/secrets/public-key 404
[debug] [2023-01-28T15:22:21.404Z] <<< [apiv2][body] GET https://api.github.com/repos/linkedin-clone/actions/secrets/public-key {"message":"Not Found","documentation_url":"https://docs.github.com/rest"}
[debug] [2023-01-28T15:22:55.943Z] >>> [apiv2][query] GET https://api.github.com/repos/anandpandey0/linkedin-clone/actions/secrets/public-key type=owner
[debug] [2023-01-28T15:22:56.392Z] <<< [apiv2][status] GET https://api.github.com/repos/anandpandey0/linkedin-clone/actions/secrets/public-key 404
[debug] [2023-01-28T15:22:56.392Z] <<< [apiv2][body] GET https://api.github.com/repos/anandpandey0/linkedin-clone/actions/secrets/public-key {"message":"Not Found","documentation_url":"https://docs.github.com/rest/reference/actions#get-a-repository-public-key"}
[debug] [2023-01-28T15:22:56.992Z] >>> [apiv2][query] GET https://api.github.com/repos/anandpandey0/linkedin-clone/actions/secrets/public-key type=owner
[debug] [2023-01-28T15:22:57.181Z] >>> [apiv2][query] GET https://api.github.com/repos//actions/secrets/public-key type=owner
[debug] [2023-01-28T15:22:57.345Z] <<< [apiv2][status] GET https://api.github.com/repos/anandpandey0/linkedin-clone/actions/secrets/public-key 404
[debug] [2023-01-28T15:22:57.345Z] <<< [apiv2][body] GET https://api.github.com/repos/anandpandey0/linkedin-clone/actions/secrets/public-key {"message":"Not Found","documentation_url":"https://docs.github.com/rest/reference/actions#get-a-repository-public-key"}
[debug] [2023-01-28T15:22:57.388Z] >>> [apiv2][query] GET https://api.github.com/repos/anandpandey0/linkedin-clone/actions/secrets/public-key type=owner
[debug] [2023-01-28T15:22:57.534Z] <<< [apiv2][status] GET https://api.github.com/repos//actions/secrets/public-key 404
[debug] [2023-01-28T15:22:57.535Z] <<< [apiv2][body] GET https://api.github.com/repos//actions/secrets/public-key {"message":"Not Found","documentation_url":"https://docs.github.com/rest"}
[debug] [2023-01-28T15:22:57.583Z] >>> [apiv2][query] GET https://api.github.com/repos//actions/secrets/public-key type=owner
[debug] [2023-01-28T15:22:57.807Z] <<< [apiv2][status] GET https://api.github.com/repos/anandpandey0/linkedin-clone/actions/secrets/public-key 404
[debug] [2023-01-28T15:22:57.807Z] <<< [apiv2][body] GET https://api.github.com/repos/anandpandey0/linkedin-clone/actions/secrets/public-key {"message":"Not Found","documentation_url":"https://docs.github.com/rest/reference/actions#get-a-repository-public-key"}
[debug] [2023-01-28T15:22:57.931Z] <<< [apiv2][status] GET https://api.github.com/repos//actions/secrets/public-key 404
[debug] [2023-01-28T15:22:57.931Z] <<< [apiv2][body] GET https://api.github.com/repos//actions/secrets/public-key {"message":"Not Found","documentation_url":"https://docs.github.com/rest"}
[debug] [2023-01-28T15:23:09.777Z] >>> [apiv2][query] GET https://api.github.com/repos/anandpandey0/linkedinClone/actions/secrets/public-key type=owner
[debug] [2023-01-28T15:23:10.158Z] <<< [apiv2][status] GET https://api.github.com/repos/anandpandey0/linkedinClone/actions/secrets/public-key 404
[debug] [2023-01-28T15:23:10.158Z] <<< [apiv2][body] GET https://api.github.com/repos/anandpandey0/linkedinClone/actions/secrets/public-key {"message":"Not Found","documentation_url":"https://docs.github.com/rest/reference/actions#get-a-repository-public-key"}
[debug] [2023-01-28T15:23:29.761Z] >>> [apiv2][query] GET https://api.github.com/repos/AnandPandey/LinkedIN-Clone/actions/secrets/public-key type=owner
[debug] [2023-01-28T15:23:30.161Z] <<< [apiv2][status] GET https://api.github.com/repos/AnandPandey/LinkedIN-Clone/actions/secrets/public-key 404
[debug] [2023-01-28T15:23:30.161Z] <<< [apiv2][body] GET https://api.github.com/repos/AnandPandey/LinkedIN-Clone/actions/secrets/public-key {"message":"Not Found","documentation_url":"https://docs.github.com/rest/reference/actions#get-a-repository-public-key"}
[debug] [2023-01-28T15:23:30.415Z] >>> [apiv2][query] GET https://api.github.com/repos/AnandPandey/LinkedIN-Clone/actions/secrets/public-key type=owner
[debug] [2023-01-28T15:23:30.602Z] >>> [apiv2][query] GET https://api.github.com/repos//actions/secrets/public-key type=owner
[debug] [2023-01-28T15:23:30.773Z] <<< [apiv2][status] GET https://api.github.com/repos/AnandPandey/LinkedIN-Clone/actions/secrets/public-key 404
[debug] [2023-01-28T15:23:30.773Z] <<< [apiv2][body] GET https://api.github.com/repos/AnandPandey/LinkedIN-Clone/actions/secrets/public-key {"message":"Not Found","documentation_url":"https://docs.github.com/rest/reference/actions#get-a-repository-public-key"}
[debug] [2023-01-28T15:23:30.793Z] >>> [apiv2][query] GET https://api.github.com/repos/AnandPandey/LinkedIN-Clone/actions/secrets/public-key type=owner
[debug] [2023-01-28T15:23:30.947Z] <<< [apiv2][status] GET https://api.github.com/repos//actions/secrets/public-key 404
[debug] [2023-01-28T15:23:30.947Z] <<< [apiv2][body] GET https://api.github.com/repos//actions/secrets/public-key {"message":"Not Found","documentation_url":"https://docs.github.com/rest"}
[debug] [2023-01-28T15:23:31.151Z] <<< [apiv2][status] GET https://api.github.com/repos/AnandPandey/LinkedIN-Clone/actions/secrets/public-key 404
[debug] [2023-01-28T15:23:31.152Z] <<< [apiv2][body] GET https://api.github.com/repos/AnandPandey/LinkedIN-Clone/actions/secrets/public-key {"message":"Not Found","documentation_url":"https://docs.github.com/rest/reference/actions#get-a-repository-public-key"}
[debug] [2023-01-28T15:24:38.951Z] >>> [apiv2][query] GET https://api.github.com/repos/AnandPandey0/LinkedIn-Clone/actions/secrets/public-key type=owner
[debug] [2023-01-28T15:24:39.359Z] <<< [apiv2][status] GET https://api.github.com/repos/AnandPandey0/LinkedIn-Clone/actions/secrets/public-key 404
[debug] [2023-01-28T15:24:39.360Z] <<< [apiv2][body] GET https://api.github.com/repos/AnandPandey0/LinkedIn-Clone/actions/secrets/public-key {"message":"Not Found","documentation_url":"https://docs.github.com/rest/reference/actions#get-a-repository-public-key"}
[debug] [2023-01-28T15:24:39.615Z] >>> [apiv2][query] GET https://api.github.com/repos/AnandPandey0/LinkedIn-Clone/actions/secrets/public-key type=owner
[debug] [2023-01-28T15:24:39.793Z] >>> [apiv2][query] GET https://api.github.com/repos//actions/secrets/public-key type=owner
[debug] [2023-01-28T15:24:39.966Z] >>> [apiv2][query] GET https://api.github.com/repos//actions/secrets/public-key type=owner
[debug] [2023-01-28T15:24:40.020Z] <<< [apiv2][status] GET https://api.github.com/repos/AnandPandey0/LinkedIn-Clone/actions/secrets/public-key 404
[debug] [2023-01-28T15:24:40.020Z] <<< [apiv2][body] GET https://api.github.com/repos/AnandPandey0/LinkedIn-Clone/actions/secrets/public-key {"message":"Not Found","documentation_url":"https://docs.github.com/rest/reference/actions#get-a-repository-public-key"}
[debug] [2023-01-28T15:24:40.203Z] <<< [apiv2][status] GET https://api.github.com/repos//actions/secrets/public-key 404
[debug] [2023-01-28T15:24:40.203Z] <<< [apiv2][body] GET https://api.github.com/repos//actions/secrets/public-key {"message":"Not Found","documentation_url":"https://docs.github.com/rest"}
[debug] [2023-01-28T15:24:40.331Z] <<< [apiv2][status] GET https://api.github.com/repos//actions/secrets/public-key 404
[debug] [2023-01-28T15:24:40.331Z] <<< [apiv2][body] GET https://api.github.com/repos//actions/secrets/public-key {"message":"Not Found","documentation_url":"https://docs.github.com/rest"}
[debug] [2023-01-28T15:24:55.628Z] >>> [apiv2][query] GET https://api.github.com/repos/Anandpandey0/Linkedin-Clone/actions/secrets/public-key type=owner
[debug] [2023-01-28T15:24:55.997Z] <<< [apiv2][status] GET https://api.github.com/repos/Anandpandey0/Linkedin-Clone/actions/secrets/public-key 404
[debug] [2023-01-28T15:24:55.997Z] <<< [apiv2][body] GET https://api.github.com/repos/Anandpandey0/Linkedin-Clone/actions/secrets/public-key {"message":"Not Found","documentation_url":"https://docs.github.com/rest/reference/actions#get-a-repository-public-key"}
[debug] [2023-01-28T15:24:56.250Z] >>> [apiv2][query] GET https://api.github.com/repos/Anandpandey0/Linkedin-Clone/actions/secrets/public-key type=owner
[debug] [2023-01-28T15:24:56.433Z] >>> [apiv2][query] GET https://api.github.com/repos//actions/secrets/public-key type=owner
[debug] [2023-01-28T15:24:56.618Z] >>> [apiv2][query] GET https://api.github.com/repos//actions/secrets/public-key type=owner
[debug] [2023-01-28T15:24:56.657Z] <<< [apiv2][status] GET https://api.github.com/repos/Anandpandey0/Linkedin-Clone/actions/secrets/public-key 404
[debug] [2023-01-28T15:24:56.657Z] <<< [apiv2][body] GET https://api.github.com/repos/Anandpandey0/Linkedin-Clone/actions/secrets/public-key {"message":"Not Found","documentation_url":"https://docs.github.com/rest/reference/actions#get-a-repository-public-key"}
[debug] [2023-01-28T15:24:56.780Z] >>> [apiv2][query] GET https://api.github.com/repos/Anandpandey0/Linkedin-Clone/actions/secrets/public-key type=owner
[debug] [2023-01-28T15:24:56.784Z] <<< [apiv2][status] GET https://api.github.com/repos//actions/secrets/public-key 404
[debug] [2023-01-28T15:24:56.785Z] <<< [apiv2][body] GET https://api.github.com/repos//actions/secrets/public-key {"message":"Not Found","documentation_url":"https://docs.github.com/rest"}
[debug] [2023-01-28T15:24:56.968Z] >>> [apiv2][query] GET https://api.github.com/repos//actions/secrets/public-key type=owner
[debug] [2023-01-28T15:24:57.019Z] <<< [apiv2][status] GET https://api.github.com/repos//actions/secrets/public-key 404
[debug] [2023-01-28T15:24:57.019Z] <<< [apiv2][body] GET https://api.github.com/repos//actions/secrets/public-key {"message":"Not Found","documentation_url":"https://docs.github.com/rest"}
[debug] [2023-01-28T15:24:57.145Z] <<< [apiv2][status] GET https://api.github.com/repos/Anandpandey0/Linkedin-Clone/actions/secrets/public-key 404
[debug] [2023-01-28T15:24:57.145Z] <<< [apiv2][body] GET https://api.github.com/repos/Anandpandey0/Linkedin-Clone/actions/secrets/public-key {"message":"Not Found","documentation_url":"https://docs.github.com/rest/reference/actions#get-a-repository-public-key"}
[debug] [2023-01-28T15:24:57.330Z] <<< [apiv2][status] GET https://api.github.com/repos//actions/secrets/public-key 404
[debug] [2023-01-28T15:24:57.330Z] <<< [apiv2][body] GET https://api.github.com/repos//actions/secrets/public-key {"message":"Not Found","documentation_url":"https://docs.github.com/rest"}
[debug] [2023-01-28T15:24:57.932Z] >>> [apiv2][query] GET https://api.github.com/repos/Anandpandey0/Linkedin-Clone/actions/secrets/public-key type=owner
[debug] [2023-01-28T15:24:58.290Z] <<< [apiv2][status] GET https://api.github.com/repos/Anandpandey0/Linkedin-Clone/actions/secrets/public-key 404
[debug] [2023-01-28T15:24:58.290Z] <<< [apiv2][body] GET https://api.github.com/repos/Anandpandey0/Linkedin-Clone/actions/secrets/public-key {"message":"Not Found","documentation_url":"https://docs.github.com/rest/reference/actions#get-a-repository-public-key"}
